mode: set
go-seo/cmd/migrate/main.go:10.13,12.16 2 0
go-seo/cmd/migrate/main.go:12.16,14.3 1 0
go-seo/cmd/migrate/main.go:16.2,24.16 2 0
go-seo/cmd/migrate/main.go:24.16,26.3 1 0
go-seo/cmd/migrate/main.go:27.2,29.59 2 0
go-seo/cmd/server/main.go:17.13,19.16 2 0
go-seo/cmd/server/main.go:19.16,21.3 1 0
go-seo/cmd/server/main.go:23.2,31.16 2 0
go-seo/cmd/server/main.go:31.16,33.3 1 0
go-seo/cmd/server/main.go:34.2,41.40 5 0
go-seo/cmd/server/main.go:41.40,43.3 1 0
go-seo/cmd/server/main.go:45.2,51.53 5 0
go-seo/cmd/server/main.go:51.53,53.3 1 0
go-seo/docs/docs.go:359.13,361.2 1 0
go-seo/internal/usecases/container.go:12.61,17.2 1 0
go-seo/internal/usecases/domain_error.go:11.38,12.18 1 0
go-seo/internal/usecases/domain_error.go:12.18,14.3 1 0
go-seo/internal/usecases/domain_error.go:15.2,15.18 1 0
go-seo/internal/usecases/domain_error.go:18.38,20.2 1 0
go-seo/internal/usecases/domain_error.go:22.36,25.2 2 0
go-seo/internal/usecases/domain_error.go:27.43,29.32 2 0
go-seo/internal/usecases/domain_error.go:29.32,31.3 1 0
go-seo/internal/usecases/domain_error.go:32.2,32.11 1 0
go-seo/internal/usecases/keyword_usecase.go:14.130,19.2 1 0
go-seo/internal/usecases/keyword_usecase.go:21.94,23.42 2 0
go-seo/internal/usecases/keyword_usecase.go:23.42,28.3 1 0
go-seo/internal/usecases/keyword_usecase.go:30.2,35.55 2 0
go-seo/internal/usecases/keyword_usecase.go:35.55,37.36 1 0
go-seo/internal/usecases/keyword_usecase.go:37.36,38.46 1 0
go-seo/internal/usecases/keyword_usecase.go:39.33,44.6 1 0
go-seo/internal/usecases/keyword_usecase.go:45.27,50.6 1 0
go-seo/internal/usecases/keyword_usecase.go:51.12,56.6 1 0
go-seo/internal/usecases/keyword_usecase.go:59.3,63.4 1 0
go-seo/internal/usecases/keyword_usecase.go:66.2,66.21 1 0
go-seo/internal/usecases/keyword_usecase.go:69.55,71.16 2 0
go-seo/internal/usecases/keyword_usecase.go:71.16,77.3 1 0
go-seo/internal/usecases/keyword_usecase.go:79.2,79.62 1 0
go-seo/internal/usecases/keyword_usecase.go:79.62,85.3 1 0
go-seo/internal/usecases/keyword_usecase.go:87.2,87.50 1 0
go-seo/internal/usecases/keyword_usecase.go:87.50,93.3 1 0
go-seo/internal/usecases/keyword_usecase.go:95.2,95.12 1 0
go-seo/internal/usecases/keyword_usecase.go:98.86,100.16 2 0
go-seo/internal/usecases/keyword_usecase.go:100.16,106.3 1 0
go-seo/internal/usecases/keyword_usecase.go:108.2,108.22 1 0
go-seo/internal/usecases/site_usecase.go:14.118,19.2 1 0
go-seo/internal/usecases/site_usecase.go:21.80,23.39 2 0
go-seo/internal/usecases/site_usecase.go:23.39,28.3 1 0
go-seo/internal/usecases/site_usecase.go:30.2,35.49 2 0
go-seo/internal/usecases/site_usecase.go:35.49,37.36 1 0
go-seo/internal/usecases/site_usecase.go:37.36,38.46 1 0
go-seo/internal/usecases/site_usecase.go:39.27,44.6 1 0
go-seo/internal/usecases/site_usecase.go:45.12,50.6 1 0
go-seo/internal/usecases/site_usecase.go:53.3,57.4 1 0
go-seo/internal/usecases/site_usecase.go:60.2,60.18 1 0
go-seo/internal/usecases/site_usecase.go:63.49,65.16 2 0
go-seo/internal/usecases/site_usecase.go:65.16,71.3 1 0
go-seo/internal/usecases/site_usecase.go:73.2,73.59 1 0
go-seo/internal/usecases/site_usecase.go:73.59,79.3 1 0
go-seo/internal/usecases/site_usecase.go:81.2,81.47 1 0
go-seo/internal/usecases/site_usecase.go:81.47,87.3 1 0
go-seo/internal/usecases/site_usecase.go:89.2,89.12 1 0
go-seo/internal/usecases/site_usecase.go:92.64,94.16 2 0
go-seo/internal/usecases/site_usecase.go:94.16,100.3 1 0
go-seo/internal/usecases/site_usecase.go:102.2,102.19 1 0
go-seo/internal/delivery/http/routes.go:12.63,17.2 4 0
go-seo/internal/delivery/http/routes.go:17.2,19.3 2 0
go-seo/internal/delivery/http/routes.go:19.3,23.4 3 0
go-seo/internal/delivery/http/routes.go:25.3,26.3 2 0
go-seo/internal/delivery/http/routes.go:26.3,30.4 3 0
go-seo/internal/delivery/http/routes.go:33.2,33.40 1 0
go-seo/internal/delivery/http/routes.go:33.40,35.3 1 0
go-seo/internal/delivery/http/routes.go:37.2,37.70 1 0
go-seo/internal/delivery/http/handlers/keyword_handler.go:17.89,21.2 1 0
go-seo/internal/delivery/http/handlers/keyword_handler.go:34.56,36.47 2 0
go-seo/internal/delivery/http/handlers/keyword_handler.go:36.47,42.3 2 0
go-seo/internal/delivery/http/handlers/keyword_handler.go:44.2,45.16 2 0
go-seo/internal/delivery/http/handlers/keyword_handler.go:45.16,46.34 1 0
go-seo/internal/delivery/http/handlers/keyword_handler.go:46.34,50.16 3 0
go-seo/internal/delivery/http/handlers/keyword_handler.go:51.37,52.33 1 0
go-seo/internal/delivery/http/handlers/keyword_handler.go:53.39,54.44 1 0
go-seo/internal/delivery/http/handlers/keyword_handler.go:57.4,61.10 2 0
go-seo/internal/delivery/http/handlers/keyword_handler.go:64.3,68.9 2 0
go-seo/internal/delivery/http/handlers/keyword_handler.go:71.2,75.4 1 0
go-seo/internal/delivery/http/handlers/keyword_handler.go:87.56,90.16 3 0
go-seo/internal/delivery/http/handlers/keyword_handler.go:90.16,96.3 2 0
go-seo/internal/delivery/http/handlers/keyword_handler.go:98.2,99.16 2 0
go-seo/internal/delivery/http/handlers/keyword_handler.go:99.16,100.34 1 0
go-seo/internal/delivery/http/handlers/keyword_handler.go:100.34,104.16 3 0
go-seo/internal/delivery/http/handlers/keyword_handler.go:105.39,106.33 1 0
go-seo/internal/delivery/http/handlers/keyword_handler.go:107.71,108.44 1 0
go-seo/internal/delivery/http/handlers/keyword_handler.go:111.4,115.10 2 0
go-seo/internal/delivery/http/handlers/keyword_handler.go:118.3,122.9 2 0
go-seo/internal/delivery/http/handlers/keyword_handler.go:125.2,127.4 1 0
go-seo/internal/delivery/http/handlers/keyword_handler.go:140.54,142.21 2 0
go-seo/internal/delivery/http/handlers/keyword_handler.go:142.21,148.3 2 0
go-seo/internal/delivery/http/handlers/keyword_handler.go:150.2,151.16 2 0
go-seo/internal/delivery/http/handlers/keyword_handler.go:151.16,157.3 2 0
go-seo/internal/delivery/http/handlers/keyword_handler.go:159.2,160.16 2 0
go-seo/internal/delivery/http/handlers/keyword_handler.go:160.16,161.34 1 0
go-seo/internal/delivery/http/handlers/keyword_handler.go:161.34,167.4 2 0
go-seo/internal/delivery/http/handlers/keyword_handler.go:169.3,173.9 2 0
go-seo/internal/delivery/http/handlers/keyword_handler.go:176.2,177.35 2 0
go-seo/internal/delivery/http/handlers/keyword_handler.go:177.35,183.3 1 0
go-seo/internal/delivery/http/handlers/keyword_handler.go:185.2,185.33 1 0
go-seo/internal/delivery/http/handlers/site_handler.go:17.77,21.2 1 0
go-seo/internal/delivery/http/handlers/site_handler.go:34.50,36.47 2 0
go-seo/internal/delivery/http/handlers/site_handler.go:36.47,42.3 2 0
go-seo/internal/delivery/http/handlers/site_handler.go:44.2,45.16 2 0
go-seo/internal/delivery/http/handlers/site_handler.go:45.16,46.34 1 0
go-seo/internal/delivery/http/handlers/site_handler.go:46.34,50.16 3 0
go-seo/internal/delivery/http/handlers/site_handler.go:51.34,52.33 1 0
go-seo/internal/delivery/http/handlers/site_handler.go:53.36,54.44 1 0
go-seo/internal/delivery/http/handlers/site_handler.go:57.4,61.10 2 0
go-seo/internal/delivery/http/handlers/site_handler.go:64.3,68.9 2 0
go-seo/internal/delivery/http/handlers/site_handler.go:71.2,75.4 1 0
go-seo/internal/delivery/http/handlers/site_handler.go:87.50,90.16 3 0
go-seo/internal/delivery/http/handlers/site_handler.go:90.16,96.3 2 0
go-seo/internal/delivery/http/handlers/site_handler.go:98.2,99.16 2 0
go-seo/internal/delivery/http/handlers/site_handler.go:99.16,100.34 1 0
go-seo/internal/delivery/http/handlers/site_handler.go:100.34,104.16 3 0
go-seo/internal/delivery/http/handlers/site_handler.go:105.36,106.33 1 0
go-seo/internal/delivery/http/handlers/site_handler.go:107.68,108.44 1 0
go-seo/internal/delivery/http/handlers/site_handler.go:111.4,115.10 2 0
go-seo/internal/delivery/http/handlers/site_handler.go:118.3,122.9 2 0
go-seo/internal/delivery/http/handlers/site_handler.go:125.2,127.4 1 0
go-seo/internal/delivery/http/handlers/site_handler.go:138.48,140.16 2 0
go-seo/internal/delivery/http/handlers/site_handler.go:140.16,141.34 1 0
go-seo/internal/delivery/http/handlers/site_handler.go:141.34,147.4 2 0
go-seo/internal/delivery/http/handlers/site_handler.go:149.3,153.9 2 0
go-seo/internal/delivery/http/handlers/site_handler.go:156.2,157.29 2 0
go-seo/internal/delivery/http/handlers/site_handler.go:157.29,163.3 1 0
go-seo/internal/delivery/http/handlers/site_handler.go:165.2,165.33 1 0
go-seo/internal/infrastructure/database/migrations/migrations.go:9.37,15.2 1 0
go-seo/internal/infrastructure/database/migrations/migrations.go:17.38,18.40 1 0
go-seo/internal/infrastructure/database/migrations/migrations.go:18.40,20.3 1 0
go-seo/internal/infrastructure/database/migrations/migrations.go:22.2,25.23 1 0
go-seo/internal/infrastructure/database/migrations/migrations.go:25.23,27.3 1 0
go-seo/internal/infrastructure/database/migrations/migrations.go:29.2,32.23 1 0
go-seo/internal/infrastructure/database/migrations/migrations.go:32.23,34.3 1 0
go-seo/internal/infrastructure/database/migrations/migrations.go:36.2,36.12 1 0
go-seo/internal/infrastructure/database/errors.go:17.40,19.2 1 0
go-seo/internal/infrastructure/database/errors.go:22.41,23.16 1 0
go-seo/internal/infrastructure/database/errors.go:23.16,25.3 1 0
go-seo/internal/infrastructure/database/errors.go:28.2,28.44 1 0
go-seo/internal/infrastructure/database/errors.go:28.44,34.3 1 0
go-seo/internal/infrastructure/database/errors.go:37.2,40.96 2 0
go-seo/internal/infrastructure/database/errors.go:40.96,46.3 1 0
go-seo/internal/infrastructure/database/errors.go:49.2,49.108 1 0
go-seo/internal/infrastructure/database/errors.go:49.108,55.3 1 0
go-seo/internal/infrastructure/database/errors.go:58.2,58.95 1 0
go-seo/internal/infrastructure/database/errors.go:58.95,64.3 1 0
go-seo/internal/infrastructure/database/errors.go:67.2,71.3 1 0
go-seo/internal/infrastructure/database/errors.go:75.38,78.2 2 0
go-seo/internal/infrastructure/database/errors.go:81.45,82.40 1 0
go-seo/internal/infrastructure/database/errors.go:82.40,84.3 1 0
go-seo/internal/infrastructure/database/errors.go:85.2,85.11 1 0
go-seo/internal/infrastructure/database/postgres/connection.go:27.62,37.16 3 0
go-seo/internal/infrastructure/database/postgres/connection.go:37.16,39.3 1 0
go-seo/internal/infrastructure/database/postgres/connection.go:41.2,41.52 1 0
go-seo/internal/infrastructure/database/postgres/connection.go:41.52,43.3 1 0
go-seo/internal/infrastructure/database/postgres/connection.go:45.2,47.31 2 0
go-seo/internal/infrastructure/database/postgres/connection.go:50.49,59.16 3 0
go-seo/internal/infrastructure/database/postgres/connection.go:59.16,61.3 1 0
go-seo/internal/infrastructure/database/postgres/connection.go:63.2,65.31 2 0
go-seo/internal/infrastructure/database/postgres/connection.go:68.34,70.16 2 0
go-seo/internal/infrastructure/database/postgres/connection.go:70.16,72.3 1 0
go-seo/internal/infrastructure/database/postgres/connection.go:73.2,73.22 1 0
go-seo/internal/infrastructure/config/config.go:37.30,38.40 1 0
go-seo/internal/infrastructure/config/config.go:38.40,40.3 1 0
go-seo/internal/infrastructure/config/config.go:42.2,59.8 1 0
go-seo/internal/infrastructure/config/config.go:62.46,63.42 1 0
go-seo/internal/infrastructure/config/config.go:63.42,65.3 1 0
go-seo/internal/infrastructure/config/config.go:66.2,66.21 1 0
go-seo/internal/infrastructure/config/config.go:69.52,70.42 1 0
go-seo/internal/infrastructure/config/config.go:70.42,71.55 1 0
go-seo/internal/infrastructure/config/config.go:71.55,73.4 1 0
go-seo/internal/infrastructure/config/config.go:75.2,75.21 1 0
go-seo/internal/infrastructure/config/config.go:78.70,79.42 1 0
go-seo/internal/infrastructure/config/config.go:79.42,81.3 1 0
go-seo/internal/infrastructure/config/config.go:82.2,82.21 1 0
go-seo/internal/repositories/container.go:16.43,24.2 2 0
go-seo/internal/infrastructure/database/postgres/repositories/container.go:15.63,21.2 1 0
go-seo/internal/infrastructure/database/postgres/repositories/keyword_repository.go:16.71,18.2 1 0
go-seo/internal/infrastructure/database/postgres/repositories/keyword_repository.go:20.69,26.49 2 0
go-seo/internal/infrastructure/database/postgres/repositories/keyword_repository.go:26.49,28.3 1 0
go-seo/internal/infrastructure/database/postgres/repositories/keyword_repository.go:30.2,31.12 2 0
go-seo/internal/infrastructure/database/postgres/repositories/keyword_repository.go:34.72,36.53 2 0
go-seo/internal/infrastructure/database/postgres/repositories/keyword_repository.go:36.53,38.3 1 0
go-seo/internal/infrastructure/database/postgres/repositories/keyword_repository.go:40.2,40.32 1 0
go-seo/internal/infrastructure/database/postgres/repositories/keyword_repository.go:43.100,45.99 2 0
go-seo/internal/infrastructure/database/postgres/repositories/keyword_repository.go:45.99,47.3 1 0
go-seo/internal/infrastructure/database/postgres/repositories/keyword_repository.go:49.2,49.32 1 0
go-seo/internal/infrastructure/database/postgres/repositories/keyword_repository.go:52.82,54.78 2 0
go-seo/internal/infrastructure/database/postgres/repositories/keyword_repository.go:54.78,56.3 1 0
go-seo/internal/infrastructure/database/postgres/repositories/keyword_repository.go:58.2,59.31 2 0
go-seo/internal/infrastructure/database/postgres/repositories/keyword_repository.go:59.31,61.3 1 0
go-seo/internal/infrastructure/database/postgres/repositories/keyword_repository.go:63.2,63.22 1 0
go-seo/internal/infrastructure/database/postgres/repositories/keyword_repository.go:66.67,68.56 2 0
go-seo/internal/infrastructure/database/postgres/repositories/keyword_repository.go:68.56,70.3 1 0
go-seo/internal/infrastructure/database/postgres/repositories/keyword_repository.go:72.2,73.38 2 0
go-seo/internal/infrastructure/database/postgres/repositories/keyword_repository.go:73.38,75.3 1 0
go-seo/internal/infrastructure/database/postgres/repositories/keyword_repository.go:77.2,77.22 1 0
go-seo/internal/infrastructure/database/postgres/repositories/keyword_repository.go:80.69,88.2 2 0
go-seo/internal/infrastructure/database/postgres/repositories/keyword_repository.go:90.50,92.2 1 0
go-seo/internal/infrastructure/database/postgres/repositories/keyword_repository.go:94.79,100.2 1 0
go-seo/internal/infrastructure/database/postgres/repositories/position_repository.go:15.73,17.2 1 0
go-seo/internal/infrastructure/database/postgres/repositories/position_repository.go:19.72,29.49 2 0
go-seo/internal/infrastructure/database/postgres/repositories/position_repository.go:29.49,31.3 1 0
go-seo/internal/infrastructure/database/postgres/repositories/position_repository.go:33.2,34.12 2 0
go-seo/internal/infrastructure/database/postgres/repositories/position_repository.go:37.74,39.88 2 0
go-seo/internal/infrastructure/database/postgres/repositories/position_repository.go:39.88,41.3 1 0
go-seo/internal/infrastructure/database/postgres/repositories/position_repository.go:43.2,43.32 1 0
go-seo/internal/infrastructure/database/postgres/repositories/position_repository.go:46.103,50.35 2 0
go-seo/internal/infrastructure/database/postgres/repositories/position_repository.go:50.35,52.3 1 0
go-seo/internal/infrastructure/database/postgres/repositories/position_repository.go:54.2,55.31 2 0
go-seo/internal/infrastructure/database/postgres/repositories/position_repository.go:55.31,57.3 1 0
go-seo/internal/infrastructure/database/postgres/repositories/position_repository.go:59.2,59.23 1 0
go-seo/internal/infrastructure/database/postgres/repositories/position_repository.go:62.107,66.35 2 0
go-seo/internal/infrastructure/database/postgres/repositories/position_repository.go:66.35,68.3 1 0
go-seo/internal/infrastructure/database/postgres/repositories/position_repository.go:70.2,70.32 1 0
go-seo/internal/infrastructure/database/postgres/repositories/position_repository.go:73.69,77.35 2 0
go-seo/internal/infrastructure/database/postgres/repositories/position_repository.go:77.35,79.3 1 0
go-seo/internal/infrastructure/database/postgres/repositories/position_repository.go:81.2,82.31 2 0
go-seo/internal/infrastructure/database/postgres/repositories/position_repository.go:82.31,84.3 1 0
go-seo/internal/infrastructure/database/postgres/repositories/position_repository.go:86.2,86.23 1 0
go-seo/internal/infrastructure/database/postgres/repositories/position_repository.go:89.72,101.2 2 0
go-seo/internal/infrastructure/database/postgres/repositories/position_repository.go:103.51,105.2 1 0
go-seo/internal/infrastructure/database/postgres/repositories/position_repository.go:107.63,109.2 1 0
go-seo/internal/infrastructure/database/postgres/repositories/position_repository.go:111.69,113.2 1 0
go-seo/internal/infrastructure/database/postgres/repositories/position_repository.go:115.82,126.27 2 0
go-seo/internal/infrastructure/database/postgres/repositories/position_repository.go:126.27,131.3 1 0
go-seo/internal/infrastructure/database/postgres/repositories/position_repository.go:133.2,133.24 1 0
go-seo/internal/infrastructure/database/postgres/repositories/position_repository.go:133.24,139.3 1 0
go-seo/internal/infrastructure/database/postgres/repositories/position_repository.go:141.2,141.17 1 0
go-seo/internal/infrastructure/database/postgres/repositories/site_repository.go:16.65,18.2 1 0
go-seo/internal/infrastructure/database/postgres/repositories/site_repository.go:20.60,26.49 2 0
go-seo/internal/infrastructure/database/postgres/repositories/site_repository.go:26.49,28.3 1 0
go-seo/internal/infrastructure/database/postgres/repositories/site_repository.go:30.2,31.12 2 0
go-seo/internal/infrastructure/database/postgres/repositories/site_repository.go:34.66,36.53 2 0
go-seo/internal/infrastructure/database/postgres/repositories/site_repository.go:36.53,38.3 1 0
go-seo/internal/infrastructure/database/postgres/repositories/site_repository.go:40.2,40.32 1 0
go-seo/internal/infrastructure/database/postgres/repositories/site_repository.go:43.77,45.77 2 0
go-seo/internal/infrastructure/database/postgres/repositories/site_repository.go:45.77,47.3 1 0
go-seo/internal/infrastructure/database/postgres/repositories/site_repository.go:49.2,49.32 1 0
go-seo/internal/infrastructure/database/postgres/repositories/site_repository.go:52.61,54.49 2 0
go-seo/internal/infrastructure/database/postgres/repositories/site_repository.go:54.49,56.3 1 0
go-seo/internal/infrastructure/database/postgres/repositories/site_repository.go:58.2,59.31 2 0
go-seo/internal/infrastructure/database/postgres/repositories/site_repository.go:59.31,61.3 1 0
go-seo/internal/infrastructure/database/postgres/repositories/site_repository.go:63.2,63.19 1 0
go-seo/internal/infrastructure/database/postgres/repositories/site_repository.go:66.60,74.2 2 0
go-seo/internal/infrastructure/database/postgres/repositories/site_repository.go:76.47,78.2 1 0
go-seo/internal/infrastructure/database/postgres/repositories/site_repository.go:80.70,86.2 1 0
